c:\users\wojtek\documents\visual studio 2015\projects\optimum_2_zmienne\optimum_2_zmienne\release\optimum_2_zmienne.pch
c:\users\wojtek\documents\visual studio 2015\projects\optimum_2_zmienne\optimum_2_zmienne\release\vc140.pdb
c:\users\wojtek\documents\visual studio 2015\projects\optimum_2_zmienne\optimum_2_zmienne\release\stdafx.obj
c:\users\wojtek\documents\visual studio 2015\projects\optimum_2_zmienne\optimum_2_zmienne\release\selectiontournament.obj
c:\users\wojtek\documents\visual studio 2015\projects\optimum_2_zmienne\optimum_2_zmienne\release\selectionthebest.obj
c:\users\wojtek\documents\visual studio 2015\projects\optimum_2_zmienne\optimum_2_zmienne\release\selectionrank.obj
c:\users\wojtek\documents\visual studio 2015\projects\optimum_2_zmienne\optimum_2_zmienne\release\selection.obj
c:\users\wojtek\documents\visual studio 2015\projects\optimum_2_zmienne\optimum_2_zmienne\release\roulettewheelselection.obj
c:\users\wojtek\documents\visual studio 2015\projects\optimum_2_zmienne\optimum_2_zmienne\release\mutationtwopoints.obj
c:\users\wojtek\documents\visual studio 2015\projects\optimum_2_zmienne\optimum_2_zmienne\release\mutationthreepoints.obj
c:\users\wojtek\documents\visual studio 2015\projects\optimum_2_zmienne\optimum_2_zmienne\release\mutationsinglepoint.obj
c:\users\wojtek\documents\visual studio 2015\projects\optimum_2_zmienne\optimum_2_zmienne\release\mutation.obj
c:\users\wojtek\documents\visual studio 2015\projects\optimum_2_zmienne\optimum_2_zmienne\release\main.obj
c:\users\wojtek\documents\visual studio 2015\projects\optimum_2_zmienne\optimum_2_zmienne\release\individual.obj
c:\users\wojtek\documents\visual studio 2015\projects\optimum_2_zmienne\optimum_2_zmienne\release\geneticalgorithm.obj
c:\users\wojtek\documents\visual studio 2015\projects\optimum_2_zmienne\optimum_2_zmienne\release\factory.obj
c:\users\wojtek\documents\visual studio 2015\projects\optimum_2_zmienne\optimum_2_zmienne\release\crossovertwopoints.obj
c:\users\wojtek\documents\visual studio 2015\projects\optimum_2_zmienne\optimum_2_zmienne\release\crossoverthreepoint.obj
c:\users\wojtek\documents\visual studio 2015\projects\optimum_2_zmienne\optimum_2_zmienne\release\crossoveronepoint.obj
c:\users\wojtek\documents\visual studio 2015\projects\optimum_2_zmienne\optimum_2_zmienne\release\crossover.obj
c:\users\wojtek\documents\visual studio 2015\projects\optimum_2_zmienne\optimum_2_zmienne\release\configuration.obj
c:\users\wojtek\documents\visual studio 2015\projects\optimum_2_zmienne\optimum_2_zmienne\release\computingtime.obj
c:\users\wojtek\documents\visual studio 2015\projects\optimum_2_zmienne\release\optimum_2_zmienne.exe
c:\users\wojtek\documents\visual studio 2015\projects\optimum_2_zmienne\release\optimum_2_zmienne.ipdb
c:\users\wojtek\documents\visual studio 2015\projects\optimum_2_zmienne\release\optimum_2_zmienne.iobj
c:\users\wojtek\documents\visual studio 2015\projects\optimum_2_zmienne\release\optimum_2_zmienne.pdb
c:\users\wojtek\documents\visual studio 2015\projects\optimum_2_zmienne\optimum_2_zmienne\release\optimum_.2f391ae3.tlog\cl.command.1.tlog
c:\users\wojtek\documents\visual studio 2015\projects\optimum_2_zmienne\optimum_2_zmienne\release\optimum_.2f391ae3.tlog\cl.read.1.tlog
c:\users\wojtek\documents\visual studio 2015\projects\optimum_2_zmienne\optimum_2_zmienne\release\optimum_.2f391ae3.tlog\cl.write.1.tlog
c:\users\wojtek\documents\visual studio 2015\projects\optimum_2_zmienne\optimum_2_zmienne\release\optimum_.2f391ae3.tlog\link.command.1.tlog
c:\users\wojtek\documents\visual studio 2015\projects\optimum_2_zmienne\optimum_2_zmienne\release\optimum_.2f391ae3.tlog\link.read.1.tlog
c:\users\wojtek\documents\visual studio 2015\projects\optimum_2_zmienne\optimum_2_zmienne\release\optimum_.2f391ae3.tlog\link.write.1.tlog
