c:\users\wojtek\documents\visual studio 2015\projects\optimum_2_zmienne\optimum_2_zmienne\debug\optimum_2_zmienne.pch
c:\users\wojtek\documents\visual studio 2015\projects\optimum_2_zmienne\optimum_2_zmienne\debug\vc140.pdb
c:\users\wojtek\documents\visual studio 2015\projects\optimum_2_zmienne\optimum_2_zmienne\debug\vc140.idb
c:\users\wojtek\documents\visual studio 2015\projects\optimum_2_zmienne\optimum_2_zmienne\debug\stdafx.obj
c:\users\wojtek\documents\visual studio 2015\projects\optimum_2_zmienne\optimum_2_zmienne\debug\computingtime.obj
c:\users\wojtek\documents\visual studio 2015\projects\optimum_2_zmienne\optimum_2_zmienne\debug\crossoverthreepoint.obj
c:\users\wojtek\documents\visual studio 2015\projects\optimum_2_zmienne\optimum_2_zmienne\debug\geneticalgorithm.obj
c:\users\wojtek\documents\visual studio 2015\projects\optimum_2_zmienne\optimum_2_zmienne\debug\individual.obj
c:\users\wojtek\documents\visual studio 2015\projects\optimum_2_zmienne\optimum_2_zmienne\debug\main.obj
c:\users\wojtek\documents\visual studio 2015\projects\optimum_2_zmienne\optimum_2_zmienne\debug\configuration.obj
c:\users\wojtek\documents\visual studio 2015\projects\optimum_2_zmienne\optimum_2_zmienne\debug\crossover.obj
c:\users\wojtek\documents\visual studio 2015\projects\optimum_2_zmienne\optimum_2_zmienne\debug\factory.obj
c:\users\wojtek\documents\visual studio 2015\projects\optimum_2_zmienne\optimum_2_zmienne\debug\mutation.obj
c:\users\wojtek\documents\visual studio 2015\projects\optimum_2_zmienne\optimum_2_zmienne\debug\roulettewheelselection.obj
c:\users\wojtek\documents\visual studio 2015\projects\optimum_2_zmienne\optimum_2_zmienne\debug\selection.obj
c:\users\wojtek\documents\visual studio 2015\projects\optimum_2_zmienne\optimum_2_zmienne\debug\selectionrank.obj
c:\users\wojtek\documents\visual studio 2015\projects\optimum_2_zmienne\optimum_2_zmienne\debug\selectionthebest.obj
c:\users\wojtek\documents\visual studio 2015\projects\optimum_2_zmienne\optimum_2_zmienne\debug\selectiontournament.obj
c:\users\wojtek\documents\visual studio 2015\projects\optimum_2_zmienne\optimum_2_zmienne\debug\crossoveronepoint.obj
c:\users\wojtek\documents\visual studio 2015\projects\optimum_2_zmienne\optimum_2_zmienne\debug\crossovertwopoints.obj
c:\users\wojtek\documents\visual studio 2015\projects\optimum_2_zmienne\optimum_2_zmienne\debug\mutationsinglepoint.obj
c:\users\wojtek\documents\visual studio 2015\projects\optimum_2_zmienne\optimum_2_zmienne\debug\mutationthreepoints.obj
c:\users\wojtek\documents\visual studio 2015\projects\optimum_2_zmienne\optimum_2_zmienne\debug\mutationtwopoints.obj
c:\users\wojtek\documents\visual studio 2015\projects\optimum_2_zmienne\debug\optimum_2_zmienne.ilk
c:\users\wojtek\documents\visual studio 2015\projects\optimum_2_zmienne\debug\optimum_2_zmienne.exe
c:\users\wojtek\documents\visual studio 2015\projects\optimum_2_zmienne\debug\optimum_2_zmienne.pdb
c:\users\wojtek\documents\visual studio 2015\projects\optimum_2_zmienne\optimum_2_zmienne\debug\optimum_.2f391ae3.tlog\cl.command.1.tlog
c:\users\wojtek\documents\visual studio 2015\projects\optimum_2_zmienne\optimum_2_zmienne\debug\optimum_.2f391ae3.tlog\cl.read.1.tlog
c:\users\wojtek\documents\visual studio 2015\projects\optimum_2_zmienne\optimum_2_zmienne\debug\optimum_.2f391ae3.tlog\cl.write.1.tlog
c:\users\wojtek\documents\visual studio 2015\projects\optimum_2_zmienne\optimum_2_zmienne\debug\optimum_.2f391ae3.tlog\link.command.1.tlog
c:\users\wojtek\documents\visual studio 2015\projects\optimum_2_zmienne\optimum_2_zmienne\debug\optimum_.2f391ae3.tlog\link.read.1.tlog
c:\users\wojtek\documents\visual studio 2015\projects\optimum_2_zmienne\optimum_2_zmienne\debug\optimum_.2f391ae3.tlog\link.write.1.tlog
